<?xml version="1.0" encoding="UTF-8"?>
<!-- Generated by org.testng.reporters.JUnitXMLReporter -->
<testsuite ignored="0" hostname="LAPTOP-K88R6NSI" failures="0" tests="3" name="Default test" time="51.198" errors="0" timestamp="2023-07-10T13:01:06 IST">
  <testcase classname="TestLayer.LoginPage" name="AllInfo" time="9.893"/>
  <testcase classname="TestLayer.LoginPage" name="AllInfo" time="14.899"/>
  <testcase classname="TestLayer.LoginPage" name="AllInfo" time="9.67"/>
</testsuite> <!-- Default test -->
